--> Node Structure Initialization... ok!
--> Finite Element Initialization... ok!
--> RBE2 initialization... ok!
--> Warning: the code works if slave nodes are not connected to beams!
--> Remember to add a check about this...
-->  Setting the Initial Coordinates
--> Setting RBE2 for Rigid Constraints
--> Setting External Forces
--> Initializing from restart file
--> Starting Restart Sequence
===========================================================================
    Iter      Log10(Res) Log10(Norm[Res+Constr])   Log10(Lin_Sol)     Log10(Disp) Log10(Disp_Fact)
 RESTART        -6.753323        -6.753323       -15.168394        -9.534617        -9.654045
===========================================================================

--> Exiting Restart Sequence.

---------------------------------------------------------------------------
|                                                                         |
| pyBeam, a Beam Solver (AD) - Release 0.1 (beta)                         |
|                            - https://github.com/rsanfer/pyBeam          |
|                                                                         |
---------------------------------------------------------------------------
|                                                                         |
| Copyright 2018-2019 Rocco Bombardieri (Carlos III University Madrid)    |
|                     Rauno Cavallaro (Carlos III University Madrid)      |
|                     Ruben Sanchez (SciComp, TU Kaiserslautern)          |
|                     Tim Albring (SciComp, TU Kaiserslautern)            |
|                                                                         |
| pyBeam is free software: you can redistribute it and/or                 |
| modify it under the terms of the GNU Affero General Public License      |
| as published by the Free Software Foundation, either version 3 of the   |
| License, or (at your option) any later version.                         |
|                                                                         |
| pyBeam is distributed in the hope that it will be useful,               |
| but WITHOUT ANY WARRANTY; without even the implied warranty             |
| of MERCHANTABILITY or FITNESS FOR A PARTICULAR PURPOSE.                 |
| See the GNU Affero General Public License for more details.             |
|                                                                         |
| You should have received a copy of the GNU Affero                       |
| General Public License along with pyBeam.                               |
| If not, see <http://www.gnu.org/licenses/>.                             |
|                                                                         |
---------------------------------------------------------------------------

--> Reading mesh file: /Users/roccobombardieri/Desktop/Adjoint_project/pyBeam/Testcases_rigid_final/Adjoint/ONERAM6_RBE_CASE2/mesh.pyBeam.
--> Reading property file: /Users/roccobombardieri/Desktop/Adjoint_project/pyBeam/Testcases_rigid_final/Adjoint/ONERAM6_RBE_CASE2/property.pyBeam.
--> Initialization successful
--> Initialization successful

---------------------------------------------------------------------------

Objective Function - Displacement( 19 ) =  0.05902312535821319
E', Nu' = ( -8.352553156351914e-08 -2.1115121259246466e-05 )
F'( 0 ) = ( 0.0 0.0 0.0 )
F'( 1 ) = ( -1.2998929443005216e-05 -3.269441466718661e-05 0.00735352326154768 )
F'( 2 ) = ( -0.00011751418075461235 -0.0002891094645406221 0.02888725634933262 )
F'( 3 ) = ( -0.000379016407422497 -0.0009417716209209684 0.06379639148371748 )
F'( 4 ) = ( -0.0008409850625904306 -0.002110631574464101 0.1112907737639445 )
F'( 5 ) = ( -0.0015285134323231465 -0.0038709447061320507 0.17058211399035775 )
F'( 6 ) = ( -0.002451314562845712 -0.006259814630871257 0.240861552272038 )
F'( 7 ) = ( -0.003607349987430244 -0.009284391602104912 0.3213397119498173 )
F'( 8 ) = ( -0.005074903664651461 -0.013186569591602268 0.41504263157272 )
F'( 9 ) = ( -0.006935542424336713 -0.018219919362994132 0.5245074415339681 )
F'( 10 ) = ( -0.009159125402745308 -0.02433538189318422 0.648306742788916 )
F'( 11 ) = ( -0.011703443268251264 -0.03144605537215276 0.7850062567698585 )
F'( 12 ) = ( -0.014520220337383882 -0.039441449177499144 0.9331855865924962 )
F'( 13 ) = ( -0.01755853226852511 -0.048195447278551656 1.0913942973872706 )
F'( 14 ) = ( -0.020769971733918393 -0.057579358353573334 1.258213463041319 )
F'( 15 ) = ( -0.02422337274969034 -0.06794963614187767 1.4392515170457265 )
F'( 16 ) = ( -0.02794449430828 -0.0795212059342405 1.6380441110913453 )
F'( 17 ) = ( -0.03182633444484473 -0.09195035413889759 1.8501718773133677 )
F'( 18 ) = ( -0.03578914650016518 -0.10491722362535529 2.071253167833533 )
F'( 19 ) = ( -0.03977733818381425 -0.11812638919547018 2.296767852437374 )
F'( 20 ) = ( 0.0 0.0 0.0 )
F'( 21 ) = ( 6.46351190962727e-05 0.00018807079023115323 -0.020506016049678593 )
F'( 22 ) = ( 0.0001546243302333728 0.0005283101473995409 -0.02401427827832588 )
F'( 23 ) = ( 0.00015553310567009183 0.0007142392339866539 -0.011431268773718197 )
F'( 24 ) = ( -1.4272594129063411e-05 0.0005177301728787616 0.016325727898151156 )
F'( 25 ) = ( -0.0004088693880124253 -0.00022247176184834742 0.05835685811575658 )
F'( 26 ) = ( -0.0010587982333288097 -0.001609602539509763 0.11374282385734047 )
F'( 27 ) = ( -0.0019759485950156404 -0.003699574697373633 0.181585730525034 )
F'( 28 ) = ( -0.0030358816299475727 -0.005888629396964623 0.252910121309935 )
F'( 29 ) = ( -0.00456204437938555 -0.009350472133907342 0.34372147341389164 )
F'( 30 ) = ( -0.006535209413704473 -0.014102091668815039 0.45238121654698626 )
F'( 31 ) = ( -0.00891425910613345 -0.02009378683330597 0.5772506655355949 )
F'( 32 ) = ( -0.011644843804920132 -0.027229913235606053 0.7167183736021411 )
F'( 33 ) = ( -0.014664512495422697 -0.03538021216099104 0.869117978336872 )
F'( 34 ) = ( -0.017911408037792308 -0.04440187061719675 1.032845691379041 )
F'( 35 ) = ( -0.02141188830636956 -0.053363245909421334 1.1961244514077196 )
F'( 36 ) = ( -0.02528472372831731 -0.06410281134277333 1.3843949934881488 )
F'( 37 ) = ( -0.029364543484847443 -0.07622142131864586 1.592632011616883 )
F'( 38 ) = ( -0.03352225235612672 -0.08932395463511748 1.815850304448941 )
F'( 39 ) = ( -0.03766881324657864 -0.1030408400007477 2.048964976890492 )
F'( 40 ) = ( 0.0 0.0 0.0 )
F'( 41 ) = ( -0.00012944753720942035 -0.0003638352122603011 0.04914194763007278 )
F'( 42 ) = ( -0.0005257130977792874 -0.0015152123014281044 0.10823783802759752 )
F'( 43 ) = ( -0.0011808495835479878 -0.003425815495185743 0.17663913528818317 )
F'( 44 ) = ( -0.0020810678889109447 -0.006053219098641465 0.25373996495382367 )
F'( 45 ) = ( -0.0032079598731267547 -0.009343590170358778 0.33891803066368154 )
F'( 46 ) = ( -0.004540013875373439 -0.013234881703660632 0.43153278177301707 )
F'( 47 ) = ( -0.006054512408943885 -0.01766182349828855 0.5309758525034651 )
F'( 48 ) = ( -0.008133436716707292 -0.024133479883558746 0.6582413969668978 )
F'( 49 ) = ( -0.010495789491763467 -0.03152409020662429 0.7956863937140827 )
F'( 50 ) = ( -0.013094893642936334 -0.03968490482987405 0.9421871363862654 )
F'( 51 ) = ( -0.0158869877746249 -0.04847351498762308 1.0966223824388648 )
F'( 52 ) = ( -0.018833346762735844 -0.057759014814714925 1.2578910455227748 )
F'( 53 ) = ( -0.021899497864341706 -0.06741801626880954 1.4248038555148437 )
F'( 54 ) = ( -0.02505775184977851 -0.07734528834477737 1.5962599621970932 )
F'( 55 ) = ( -0.028440399574522487 -0.08982818469080157 1.8039248340451977 )
F'( 56 ) = ( -0.031934150178224 -0.1026487978214413 2.0185177874961426 )
F'( 57 ) = ( -0.0355192091239415 -0.11554495607097423 2.2365013684613735 )
F'( 58 ) = ( -0.03918954776639887 -0.12830754017744028 2.454364228549186 )
F'( 59 ) = ( -0.042940183730210794 -0.1407551289570347 2.668478998683181 )
F'( 60 ) = ( 0.0 0.0 0.0 )
F'( 61 ) = ( -0.0034203646474057913 -0.007383761639797377 0.0072810243499797644 )
F'( 62 ) = ( -0.006588871558778781 -0.014257639140310592 0.028628770252395574 )
F'( 63 ) = ( -0.009581266368953715 -0.020814138893030732 0.06327965011008567 )
F'( 64 ) = ( -0.012457041126167545 -0.027205262268916116 0.11047672412468773 )
F'( 65 ) = ( -0.015255188527880385 -0.03353560527030437 0.16945794578530013 )
F'( 66 ) = ( -0.017998938267884523 -0.03986989542929244 0.23943459776057568 )
F'( 67 ) = ( -0.020705315543888724 -0.046256073779014056 0.3196314011606245 )
F'( 68 ) = ( -0.0249103041104578 -0.05609607457042773 0.4128225565137697 )
F'( 69 ) = ( -0.029052466463517237 -0.06608333154333175 0.5218223055434965 )
F'( 70 ) = ( -0.033127397958615946 -0.07622295928377304 0.6452223265365243 )
F'( 71 ) = ( -0.03711781462606608 -0.0864805975663348 0.781598522318971 )
F'( 72 ) = ( -0.04100918168782963 -0.09681813560701415 0.9295323676750213 )
F'( 73 ) = ( -0.04475678588629427 -0.10712112728986989 1.0875739152935533 )
F'( 74 ) = ( -0.0483445571047738 -0.11733096329044056 1.2542974925983554 )
F'( 75 ) = ( -0.05396913227301762 -0.13243341770861417 1.434952987575797 )
F'( 76 ) = ( -0.058989106080945805 -0.14684122030305705 1.6335293366976655 )
F'( 77 ) = ( -0.06334613126064435 -0.16031522622507632 1.8455885865401813 )
F'( 78 ) = ( -0.06704434078106647 -0.17271630240827487 2.066721278013033 )
F'( 79 ) = ( -0.07009905894345682 -0.1839031732931206 2.2923825477180118 )
F'( 80 ) = ( 0.0 0.0 0.0 )
F'( 81 ) = ( 0.0033943667885197805 0.007318372810463005 0.007426022173115597 )
F'( 82 ) = ( 0.006353843197269557 0.013679420211229351 0.029145742446269673 )
F'( 83 ) = ( 0.008823233554108722 0.01893059565118879 0.0643131328573493 )
F'( 84 ) = ( 0.010775071000986685 0.02298399911998792 0.1121048234032012 )
F'( 85 ) = ( 0.012198161663234097 0.025793715858040266 0.17170628219541542 )
F'( 86 ) = ( 0.013096309142193103 0.027350266167549916 0.2422885067835006 )
F'( 87 ) = ( 0.013490615569028233 0.027687290574804218 0.32304802273901045 )
F'( 88 ) = ( 0.014760496781154882 0.02972293538722321 0.4172627066316704 )
F'( 89 ) = ( 0.015181381614843803 0.02964349281734352 0.5271925775244402 )
F'( 90 ) = ( 0.014809147153125318 0.027552195497404605 0.6513911590413076 )
F'( 91 ) = ( 0.013710928089563545 0.023588486822029294 0.7884139912207466 )
F'( 92 ) = ( 0.01196874101306187 0.017935237252015887 0.9368388055099703 )
F'( 93 ) = ( 0.009639721349244046 0.010730232732766572 1.0952146794809883 )
F'( 94 ) = ( 0.006804613636936983 0.002172246583293852 1.2621294334842823 )
F'( 95 ) = ( 0.005522386773636946 -0.0034658545751411847 1.443550046515656 )
F'( 96 ) = ( 0.003100117464385841 -0.012201191565423956 1.6425588854850264 )
F'( 97 ) = ( -0.00030653762904512524 -0.023585482052718865 1.8547551680865535 )
F'( 98 ) = ( -0.0045339522192638605 -0.03711814484243579 2.0757850576540338 )
F'( 99 ) = ( -0.009455617424171692 -0.052349605097819746 2.301153157156738 )
