--> Node Structure Initialization... ok!
--> Finite Element Initialization... ok!
--> RBE2 initialization... ok!
--> Warning: the code works if slave nodes are not connected to beams!
--> Remember to add a check about this...
-->  Setting the Initial Coordinates
--> Setting RBE2 for Rigid Constraints
--> Setting External Forces
--> Initializing from restart file
--> Starting Restart Sequence
===========================================================================
    Iter      Log10(Res) Log10(Norm[Res+Constr])   Log10(Lin_Sol)     Log10(Disp) Log10(Disp_Fact)
 RESTART        -6.753323        -6.753323       -15.554791       -11.320096       -11.439523
===========================================================================

--> Exiting Restart Sequence.

---------------------------------------------------------------------------
|                                                                         |
| pyBeam, a Beam Solver (AD) - Release 0.1 (beta)                         |
|                            - https://github.com/rsanfer/pyBeam          |
|                                                                         |
---------------------------------------------------------------------------
|                                                                         |
| Copyright 2018-2019 Rocco Bombardieri (Carlos III University Madrid)    |
|                     Rauno Cavallaro (Carlos III University Madrid)      |
|                     Ruben Sanchez (SciComp, TU Kaiserslautern)          |
|                     Tim Albring (SciComp, TU Kaiserslautern)            |
|                                                                         |
| pyBeam is free software: you can redistribute it and/or                 |
| modify it under the terms of the GNU Affero General Public License      |
| as published by the Free Software Foundation, either version 3 of the   |
| License, or (at your option) any later version.                         |
|                                                                         |
| pyBeam is distributed in the hope that it will be useful,               |
| but WITHOUT ANY WARRANTY; without even the implied warranty             |
| of MERCHANTABILITY or FITNESS FOR A PARTICULAR PURPOSE.                 |
| See the GNU Affero General Public License for more details.             |
|                                                                         |
| You should have received a copy of the GNU Affero                       |
| General Public License along with pyBeam.                               |
| If not, see <http://www.gnu.org/licenses/>.                             |
|                                                                         |
---------------------------------------------------------------------------

--> Reading mesh file: /Users/roccobombardieri/Desktop/Adjoint_project/pyBeam/Testcases_rigid_final/Adjoint/ONERAM6_RBE_CASE2/mesh.pyBeam.
--> Reading property file: /Users/roccobombardieri/Desktop/Adjoint_project/pyBeam/Testcases_rigid_final/Adjoint/ONERAM6_RBE_CASE2/property.pyBeam.
--> Initialization successful
--> Initialization successful

---------------------------------------------------------------------------

Objective Function - Displacement( 19 ) =  0.0590231253582132
E', Nu' = ( -8.352559192917361e-08 -2.1116800146245697e-05 )
F'( 0 ) = ( 0.0 0.0 0.0 )
F'( 1 ) = ( -1.3015077940998844e-05 -3.2686981623099075e-05 0.007353520582686392 )
F'( 2 ) = ( -0.00011754744454896866 -0.0002890942587577755 0.028887260102264205 )
F'( 3 ) = ( -0.0003790676825088642 -0.0009417484899060864 0.06379641097093741 )
F'( 4 ) = ( -0.0008410552157746994 -0.0021106005028949477 0.11129081848461685 )
F'( 5 ) = ( -0.0015286033149088313 -0.0038709057957244035 0.17058219369207708 )
F'( 6 ) = ( -0.0024514249850912883 -0.006259768084194402 0.2408616769708415 )
F'( 7 ) = ( -0.0036074817410402167 -0.009284337702667777 0.32133989198219315 )
F'( 8 ) = ( -0.005075074040447097 -0.013186500891698824 0.4150428718703659 )
F'( 9 ) = ( -0.006935753574547108 -0.01821983614507968 0.5245077602402485 )
F'( 10 ) = ( -0.009159379346192962 -0.024335284633854905 0.6483071590161797 )
F'( 11 ) = ( -0.011703741888889896 -0.03144594468540701 0.785006790252814 )
F'( 12 ) = ( -0.014520565380355274 -0.03944132579137194 0.9331862576035874 )
F'( 13 ) = ( -0.017558925290012305 -0.048195311982149186 1.091395126391594 )
F'( 14 ) = ( -0.02077041412385948 -0.05757921195424902 1.2582144699651572 )
F'( 15 ) = ( -0.02422390366710325 -0.06794946157980933 1.4392527134363056 )
F'( 16 ) = ( -0.027945121441495815 -0.07952100336873631 1.6380455501359557 )
F'( 17 ) = ( -0.03182706400369599 -0.09195012448395458 1.850173614303296 )
F'( 18 ) = ( -0.035789983194550616 -0.10491696841823195 2.071255258704117 )
F'( 19 ) = ( -0.039778285262627174 -0.11812611087753785 2.2967703572479765 )
F'( 20 ) = ( 0.0 0.0 0.0 )
F'( 21 ) = ( 6.461890624663044e-05 0.00018806580223536953 -0.02050599561297001 )
F'( 22 ) = ( 0.00015459088596521365 0.0005283013922910914 -0.024014239480054256 )
F'( 23 ) = ( 0.00015548156452162892 0.0007142280543472998 -0.011431211993302715 )
F'( 24 ) = ( -1.4343022813422327e-05 0.000517717927966791 0.016325803975213826 )
F'( 25 ) = ( -0.0004089594595543212 -0.000222483756172378 0.05835695631851879 )
F'( 26 ) = ( -0.0010589086605883409 -0.001609613057244595 0.11374294843520599 )
F'( 27 ) = ( -0.001976080083455392 -0.0036995826368762157 0.18158588714229967 )
F'( 28 ) = ( -0.003036051638161391 -0.005888643512169994 0.25291033134397145 )
F'( 29 ) = ( -0.004562254824006792 -0.009350488223556549 0.3437217370633756 )
F'( 30 ) = ( -0.0065354621373267365 -0.014102106101570363 0.45238154018899585 )
F'( 31 ) = ( -0.008914555895235512 -0.020093796548626804 0.5772510610076225 )
F'( 32 ) = ( -0.01164518635621641 -0.027229915644283263 0.7167188554659135 )
F'( 33 ) = ( -0.014664902398412682 -0.03538020533718095 0.8691185663712454 )
F'( 34 ) = ( -0.0179118467710093 -0.044401853212581575 1.0328464087417946 )
F'( 35 ) = ( -0.021412414452604073 -0.05336325596095722 1.1961252345262814 )
F'( 36 ) = ( -0.0252853450889842 -0.06410282849009254 1.384395882784986 )
F'( 37 ) = ( -0.029365266414241305 -0.07622142848805523 1.5926330576645285 )
F'( 38 ) = ( -0.033523081740737475 -0.08932393861316339 1.815851576012123 )
F'( 39 ) = ( -0.03766975210160533 -0.103040787683278 2.048966520311124 )
F'( 40 ) = ( 0.0 0.0 0.0 )
F'( 41 ) = ( -0.0001294635891819846 -0.0003638091480508014 0.04914191027859066 )
F'( 42 ) = ( -0.0005257460908688075 -0.0015151611550874805 0.10823778921365869 )
F'( 43 ) = ( -0.0011809004595367749 -0.003425740897617837 0.17663909883498835 )
F'( 44 ) = ( -0.002081137628840371 -0.006053123051610606 0.25373996263937487 )
F'( 45 ) = ( -0.0032080494722814303 -0.009343474903745874 0.3389180826141609 )
F'( 46 ) = ( -0.004540124290098352 -0.013234749563447154 0.4315329066532206 )
F'( 47 ) = ( -0.0060546445603189905 -0.01766167683815488 0.5309760676593721 )
F'( 48 ) = ( -0.008133607643875657 -0.024133286960992067 0.6582416826599577 )
F'( 49 ) = ( -0.010496001700357584 -0.031523858027364376 0.795686795005558 )
F'( 50 ) = ( -0.013095149416072904 -0.039684640036918926 0.9421876914876791 )
F'( 51 ) = ( -0.015887289142416196 -0.04847322370778098 1.096623122926746 )
F'( 52 ) = ( -0.018833695543273334 -0.057758702733685 1.2578920002588987 )
F'( 53 ) = ( -0.0218998955635057 -0.06741768826636238 1.4248050459687582 )
F'( 54 ) = ( -0.025058199724721994 -0.0773449484563418 1.5962614034559295 )
F'( 55 ) = ( -0.028440937648363866 -0.08982773322144921 1.8039266503144276 )
F'( 56 ) = ( -0.03193478597026324 -0.10264826568670199 2.0185200511624104 )
F'( 57 ) = ( -0.03551994862748573 -0.11554437116139403 2.2365041419175595 )
F'( 58 ) = ( -0.039190395425639964 -0.12830692618622694 2.454367548402576 )
F'( 59 ) = ( -0.042941143144929826 -0.14075451163217687 2.668482945605248 )
F'( 60 ) = ( 0.0 0.0 0.0 )
F'( 61 ) = ( -0.0034203779555547014 -0.007383760768351813 0.0072810216227958855 )
F'( 62 ) = ( -0.006588900487739093 -0.014257636283432835 0.02862877382854186 )
F'( 63 ) = ( -0.00958131298557988 -0.020814133206188978 0.06327966923420585 )
F'( 64 ) = ( -0.012457107290741561 -0.02720525314082157 0.11047676825667949 )
F'( 65 ) = ( -0.01525527593535646 -0.0335355922904482 0.16945802464876217 )
F'( 66 ) = ( -0.017999048435375437 -0.039869878365104715 0.23943472135985766 )
F'( 67 ) = ( -0.020705449839921005 -0.04625605255445915 0.31963157982994456 )
F'( 68 ) = ( -0.024910477703064513 -0.056096045380653346 0.4128227949564588 )
F'( 69 ) = ( -0.029052683710757244 -0.06608329377822805 0.5218226218955754 )
F'( 70 ) = ( -0.033127662456373504 -0.07622291264384683 0.6452227399265594 )
F'( 71 ) = ( -0.0371181292481753 -0.08648054195099539 0.7815990525185105 )
F'( 72 ) = ( -0.041009548912349 -0.09681807123870077 0.9295330349956833 )
F'( 73 ) = ( -0.04475720737189576 -0.10712105431485153 1.0875747402612632 )
F'( 74 ) = ( -0.0483450338679826 -0.11733088181677692 1.25429849521118 )
F'( 75 ) = ( -0.053969712209908025 -0.13243331613812764 1.4349541789232154 )
F'( 76 ) = ( -0.05898979862030943 -0.14684109823919267 1.6335307700469106 )
F'( 77 ) = ( -0.06334694331448236 -0.16031508457692445 1.8455903172292987 )
F'( 78 ) = ( -0.06704527560787689 -0.17271614214818276 2.066723362054584 )
F'( 79 ) = ( -0.07010012158485328 -0.18390299876446708 2.292385045032852 )
F'( 80 ) = ( 0.0 0.0 0.0 )
F'( 81 ) = ( 0.0033943477996727016 0.007318386805105611 0.007426019542576913 )
F'( 82 ) = ( 0.006353805598641156 0.013679447765917285 0.029145746375986565 )
F'( 83 ) = ( 0.00882317762056215 0.018930636226376803 0.06431315270766898 )
F'( 84 ) = ( 0.01077499685919216 0.022984052135031664 0.1121048687125542 )
F'( 85 ) = ( 0.012198069305538798 0.025793780698999395 0.1717063627353921 )
F'( 86 ) = ( 0.01309619846519286 0.027350342196715897 0.24228863258182526 )
F'( 87 ) = ( 0.013490486357840567 0.027687377149123605 0.3230482041344417 )
F'( 88 ) = ( 0.014760329622170323 0.02972304359725571 0.41726294878427306 )
F'( 89 ) = ( 0.015181176561663031 0.029643621488068695 0.527192898584922 )
F'( 90 ) = ( 0.014808903763987578 0.02755234337613705 0.6513915781057996 )
F'( 91 ) = ( 0.013710645470395506 0.02358865258018134 0.7884145279871174 )
F'( 92 ) = ( 0.01196841815163845 0.017935419655956904 0.9368394802114917 )
F'( 93 ) = ( 0.009639356791871155 0.01073043035055315 1.0952155125219245 )
F'( 94 ) = ( 0.006804205620263657 0.0021724579082788684 1.2621304447191346 )
F'( 95 ) = ( 0.005521904875701499 -0.0034656070214910527 1.4435512479493962 )
F'( 96 ) = ( 0.003099555737317782 -0.012200908498279938 1.6425603302250011 )
F'( 97 ) = ( -0.00030718469290964113 -0.023585164390984736 1.8547569113772935 )
F'( 98 ) = ( -0.0045346907812243474 -0.03711779468828123 2.075787155353649 )
F'( 99 ) = ( -0.009456448940401074 -0.05234922299060868 2.301155669463102 )
